[INFO ] 2022-12-27 09:15:32.867 [main] BaseClass - URL is opened
[INFO ] 2022-12-27 09:15:33.194 [main] BaseClass - Entered username
[INFO ] 2022-12-27 09:15:33.373 [main] BaseClass - Entered password
[INFO ] 2022-12-27 09:15:39.818 [main] BaseClass - Login test passed
[INFO ] 2022-12-28 08:25:07.332 [main] BaseClass - URL is opened
[INFO ] 2022-12-28 08:25:07.571 [main] BaseClass - Entered username
[INFO ] 2022-12-28 08:25:07.714 [main] BaseClass - Entered password
[INFO ] 2022-12-28 08:25:14.036 [main] BaseClass - Login test passed
[INFO ] 2022-12-28 08:26:17.551 [main] BaseClass - URL is opened
[INFO ] 2022-12-28 08:26:17.985 [main] BaseClass - Entered username
[INFO ] 2022-12-28 08:26:18.282 [main] BaseClass - Entered password
[INFO ] 2022-12-28 08:26:24.980 [main] BaseClass - Login test passed
[INFO ] 2022-12-28 08:31:59.852 [main] BaseClass - URL is opened
[INFO ] 2022-12-28 08:32:00.103 [main] BaseClass - Entered username
[INFO ] 2022-12-28 08:32:00.161 [main] BaseClass - Entered password
[INFO ] 2022-12-28 08:32:06.542 [main] BaseClass - Login test passed
[INFO ] 2022-12-28 15:10:53.819 [main] BaseClass - URL is opened
[INFO ] 2022-12-28 15:10:54.281 [main] BaseClass - Entered username
[INFO ] 2022-12-28 15:10:54.569 [main] BaseClass - Entered password
[INFO ] 2022-12-28 15:11:00.440 [main] BaseClass - Login test passed
[INFO ] 2022-12-29 11:50:33.860 [main] BaseClass - URL is opened
[INFO ] 2022-12-29 11:50:34.136 [main] BaseClass - Entered username
[INFO ] 2022-12-29 11:50:34.359 [main] BaseClass - Entered password
[INFO ] 2022-12-29 11:50:39.569 [main] BaseClass - Login test passed
[INFO ] 2022-12-29 12:09:50.066 [main] BaseClass - URL is opened
[INFO ] 2022-12-29 12:09:50.464 [main] BaseClass - Entered username
[INFO ] 2022-12-29 12:09:50.699 [main] BaseClass - Entered password
[INFO ] 2022-12-29 12:09:55.760 [main] BaseClass - Login test passed
[INFO ] 2022-12-29 12:21:28.529 [main] BaseClass - URL is opened
[INFO ] 2022-12-29 12:21:28.875 [main] BaseClass - Entered username
[INFO ] 2022-12-29 12:21:29.052 [main] BaseClass - Entered password
[INFO ] 2022-12-29 12:54:25.567 [main] BaseClass - URL is opened
[INFO ] 2022-12-29 12:54:25.791 [main] BaseClass - Entered username
[INFO ] 2022-12-29 12:54:25.969 [main] BaseClass - Entered password
[INFO ] 2022-12-29 13:08:42.278 [main] BaseClass - URL is opened
[INFO ] 2022-12-29 13:08:42.619 [main] BaseClass - Entered username
[INFO ] 2022-12-29 13:08:42.809 [main] BaseClass - Entered password
[INFO ] 2022-12-30 19:38:39.756 [main] BaseClass - user name provided
[INFO ] 2022-12-30 19:38:39.957 [main] BaseClass - password provided
[INFO ] 2022-12-30 19:38:48.017 [main] BaseClass - Login passed
[INFO ] 2022-12-30 19:38:56.107 [main] BaseClass - user name provided
[INFO ] 2022-12-30 19:38:56.407 [main] BaseClass - password provided
[INFO ] 2022-12-30 19:39:02.991 [main] BaseClass - user name provided
[INFO ] 2022-12-30 19:39:03.245 [main] BaseClass - password provided
[INFO ] 2022-12-30 19:39:10.161 [main] BaseClass - user name provided
[INFO ] 2022-12-30 19:39:10.291 [main] BaseClass - password provided
[INFO ] 2022-12-30 19:39:15.234 [main] BaseClass - Login passed
[INFO ] 2022-12-30 19:39:22.862 [main] BaseClass - user name provided
[INFO ] 2022-12-30 19:39:22.988 [main] BaseClass - password provided
[INFO ] 2022-12-31 14:53:58.206 [main] BaseClass - user name is provided
[INFO ] 2022-12-31 14:53:58.829 [main] BaseClass - Password is provided
[INFO ] 2022-12-31 14:54:04.283 [main] BaseClass - providing customer details....
[INFO ] 2022-12-31 14:56:26.688 [main] BaseClass - user name is provided
[INFO ] 2022-12-31 14:56:26.896 [main] BaseClass - Password is provided
[INFO ] 2022-12-31 14:56:33.082 [main] BaseClass - providing customer details....
[INFO ] 2022-12-31 14:57:02.874 [main] BaseClass - user name is provided
[INFO ] 2022-12-31 14:57:03.114 [main] BaseClass - Password is provided
[INFO ] 2022-12-31 14:57:08.791 [main] BaseClass - providing customer details....
[INFO ] 2022-12-31 14:58:59.824 [main] BaseClass - user name is provided
[INFO ] 2022-12-31 14:59:00.187 [main] BaseClass - Password is provided
[INFO ] 2022-12-31 14:59:07.259 [main] BaseClass - providing customer details....
[INFO ] 2022-12-31 15:16:08.718 [main] BaseClass - user name is provided
[INFO ] 2022-12-31 15:16:09.670 [main] BaseClass - Password is provided
[INFO ] 2022-12-31 15:16:13.680 [main] BaseClass - providing customer details....
[INFO ] 2022-12-31 19:08:24.269 [main] BaseClass - user name is provided
[INFO ] 2022-12-31 19:08:24.454 [main] BaseClass - Password is provided
[INFO ] 2022-12-31 19:08:28.349 [main] BaseClass - providing customer details....
[INFO ] 2022-12-31 19:11:17.011 [main] BaseClass - user name is provided
[INFO ] 2022-12-31 19:11:17.502 [main] BaseClass - Password is provided
[INFO ] 2022-12-31 19:11:23.036 [main] BaseClass - providing customer details....
[INFO ] 2022-12-31 20:35:52.365 [main] BaseClass - user name is provided
[INFO ] 2022-12-31 20:35:52.562 [main] BaseClass - Password is provided
[INFO ] 2022-12-31 20:35:57.025 [main] BaseClass - providing customer details....
[INFO ] 2022-12-31 20:36:00.196 [main] BaseClass - entered into iframe
[INFO ] 2023-01-01 07:15:43.644 [main] BaseClass - user name is provided
[INFO ] 2023-01-01 07:15:44.040 [main] BaseClass - Password is provided
[INFO ] 2023-01-01 07:15:48.757 [main] BaseClass - providing customer details....
[INFO ] 2023-01-01 07:15:51.918 [main] BaseClass - entered into iframe
[INFO ] 2023-01-01 07:18:42.081 [main] BaseClass - user name is provided
[INFO ] 2023-01-01 07:18:42.241 [main] BaseClass - Password is provided
[INFO ] 2023-01-01 07:18:46.652 [main] BaseClass - providing customer details....
[INFO ] 2023-01-01 07:18:49.769 [main] BaseClass - there are 17 add iframes
[INFO ] 2023-01-01 07:20:45.065 [main] BaseClass - user name is provided
[INFO ] 2023-01-01 07:20:45.276 [main] BaseClass - Password is provided
[INFO ] 2023-01-01 07:20:51.711 [main] BaseClass - providing customer details....
[INFO ] 2023-01-01 07:20:54.886 [main] BaseClass - there are 17 add iframes
[INFO ] 2023-01-01 07:27:40.785 [main] BaseClass - URL is opened
[INFO ] 2023-01-01 07:27:41.255 [main] BaseClass - Entered username
[INFO ] 2023-01-01 07:27:41.514 [main] BaseClass - Entered password
[INFO ] 2023-01-01 07:27:46.670 [main] BaseClass - Login test passed
[INFO ] 2023-01-01 07:27:59.326 [main] BaseClass - user name provided
[INFO ] 2023-01-01 07:27:59.493 [main] BaseClass - password provided
[INFO ] 2023-01-01 07:28:06.082 [main] BaseClass - Login passed
[INFO ] 2023-01-01 07:28:14.576 [main] BaseClass - user name provided
[INFO ] 2023-01-01 07:28:14.871 [main] BaseClass - password provided
[INFO ] 2023-01-01 07:28:23.854 [main] BaseClass - user name provided
[INFO ] 2023-01-01 07:28:24.103 [main] BaseClass - password provided
[INFO ] 2023-01-01 07:28:32.238 [main] BaseClass - user name provided
[INFO ] 2023-01-01 07:28:32.481 [main] BaseClass - password provided
[INFO ] 2023-01-01 07:28:37.481 [main] BaseClass - Login passed
[INFO ] 2023-01-01 07:28:45.347 [main] BaseClass - user name provided
[INFO ] 2023-01-01 07:28:45.584 [main] BaseClass - password provided
[INFO ] 2023-01-01 07:29:02.697 [main] BaseClass - user name is provided
[INFO ] 2023-01-01 07:29:02.854 [main] BaseClass - Password is provided
[INFO ] 2023-01-01 07:29:08.946 [main] BaseClass - providing customer details....
[INFO ] 2023-01-01 07:29:12.053 [main] BaseClass - there are 17 add iframes
[INFO ] 2023-01-01 08:58:35.436 [main] BaseClass - URL is opened
[INFO ] 2023-01-01 08:58:35.933 [main] BaseClass - Entered username
[INFO ] 2023-01-01 08:58:36.322 [main] BaseClass - Entered password
[INFO ] 2023-01-01 08:58:43.556 [main] BaseClass - Login test passed
[INFO ] 2023-01-01 08:58:57.052 [main] BaseClass - user name provided
[INFO ] 2023-01-01 08:58:57.233 [main] BaseClass - password provided
[INFO ] 2023-01-01 08:59:03.544 [main] BaseClass - Login passed
[INFO ] 2023-01-01 08:59:12.550 [main] BaseClass - user name provided
[INFO ] 2023-01-01 08:59:12.684 [main] BaseClass - password provided
[INFO ] 2023-01-01 08:59:20.401 [main] BaseClass - user name provided
[INFO ] 2023-01-01 08:59:20.641 [main] BaseClass - password provided
[INFO ] 2023-01-01 08:59:29.108 [main] BaseClass - user name provided
[INFO ] 2023-01-01 08:59:29.351 [main] BaseClass - password provided
[INFO ] 2023-01-01 08:59:36.019 [main] BaseClass - Login passed
[INFO ] 2023-01-01 08:59:44.128 [main] BaseClass - user name provided
[INFO ] 2023-01-01 08:59:44.262 [main] BaseClass - password provided
[INFO ] 2023-01-01 09:00:01.294 [main] BaseClass - user name is provided
[INFO ] 2023-01-01 09:00:01.689 [main] BaseClass - Password is provided
[INFO ] 2023-01-01 09:00:07.044 [main] BaseClass - providing customer details....
[INFO ] 2023-01-01 09:00:10.213 [main] BaseClass - there are 17 add iframes
[INFO ] 2023-01-01 09:07:50.312 [main] BaseClass - URL is opened
[INFO ] 2023-01-01 09:07:50.675 [main] BaseClass - Entered username
[INFO ] 2023-01-01 09:07:50.915 [main] BaseClass - Entered password
[INFO ] 2023-01-01 09:07:56.127 [main] BaseClass - Login test passed
[INFO ] 2023-01-01 10:48:47.483 [main] BaseClass - URL is opened
[INFO ] 2023-01-01 10:48:47.793 [main] BaseClass - Entered username
[INFO ] 2023-01-01 10:48:48.267 [main] BaseClass - Entered password
[INFO ] 2023-01-01 10:48:54.088 [main] BaseClass - Login test passed
[INFO ] 2023-01-01 11:45:25.363 [main] BaseClass - URL is opened
[INFO ] 2023-01-01 11:45:25.880 [main] BaseClass - Entered username
[INFO ] 2023-01-01 11:45:26.102 [main] BaseClass - Entered password
[INFO ] 2023-01-01 11:45:32.056 [main] BaseClass - Login test passed
[INFO ] 2023-01-01 11:49:54.384 [main] BaseClass - URL is opened
[INFO ] 2023-01-01 11:49:54.981 [main] BaseClass - Entered username
[INFO ] 2023-01-01 11:49:55.159 [main] BaseClass - Entered password
[INFO ] 2023-01-01 11:49:59.725 [main] BaseClass - Login test passed
[INFO ] 2023-01-01 12:03:56.201 [main] BaseClass - URL is opened
[INFO ] 2023-01-01 12:03:58.978 [main] BaseClass - Entered username
[INFO ] 2023-01-01 12:03:59.142 [main] BaseClass - Entered password
[INFO ] 2023-01-01 12:04:07.440 [main] BaseClass - Login test passed
[INFO ] 2023-01-01 12:05:17.060 [main] BaseClass - URL is opened
[INFO ] 2023-01-01 12:05:17.359 [main] BaseClass - Entered username
[INFO ] 2023-01-01 12:05:17.578 [main] BaseClass - Entered password
[INFO ] 2023-01-01 12:05:21.302 [main] BaseClass - Login test passed
[INFO ] 2023-01-01 12:10:45.025 [main] BaseClass - URL is opened
[INFO ] 2023-01-01 12:10:45.361 [main] BaseClass - Entered username
[INFO ] 2023-01-01 12:10:45.628 [main] BaseClass - Entered password
[INFO ] 2023-01-01 12:10:52.403 [main] BaseClass - Login test passed
[INFO ] 2023-01-01 12:17:52.974 [main] BaseClass - URL is opened
[INFO ] 2023-01-01 12:17:53.431 [main] BaseClass - Entered username
[INFO ] 2023-01-01 12:17:53.767 [main] BaseClass - Entered password
[INFO ] 2023-01-01 12:18:00.974 [main] BaseClass - Login test passed
[INFO ] 2023-01-01 12:24:26.999 [main] BaseClass - URL is opened
[INFO ] 2023-01-01 12:24:27.303 [main] BaseClass - Entered username
[INFO ] 2023-01-01 12:24:27.465 [main] BaseClass - Entered password
[INFO ] 2023-01-01 12:24:31.732 [main] BaseClass - Login test passed
[INFO ] 2023-01-01 12:25:31.414 [main] BaseClass - URL is opened
[INFO ] 2023-01-01 12:25:31.930 [main] BaseClass - Entered username
[INFO ] 2023-01-01 12:25:32.288 [main] BaseClass - Entered password
[INFO ] 2023-01-01 12:25:38.127 [main] BaseClass - Login test passed
[INFO ] 2023-01-01 12:30:24.907 [main] BaseClass - URL is opened
[INFO ] 2023-01-01 12:30:25.986 [main] BaseClass - Entered username
[INFO ] 2023-01-01 12:30:26.162 [main] BaseClass - Entered password
[INFO ] 2023-01-01 12:30:34.457 [main] BaseClass - Login test passed
[INFO ] 2023-01-01 12:31:57.345 [main] BaseClass - URL is opened
[INFO ] 2023-01-01 12:31:57.817 [main] BaseClass - Entered username
[INFO ] 2023-01-01 12:31:58.180 [main] BaseClass - Entered password
[INFO ] 2023-01-01 12:32:04.548 [main] BaseClass - Login test passed
[INFO ] 2023-01-01 12:36:36.407 [main] BaseClass - URL is opened
[INFO ] 2023-01-01 12:36:36.953 [main] BaseClass - Entered username
[INFO ] 2023-01-01 12:36:37.672 [main] BaseClass - Entered password
[INFO ] 2023-01-01 12:36:42.845 [main] BaseClass - Login test passed
[INFO ] 2023-01-01 12:37:50.552 [main] BaseClass - URL is opened
[INFO ] 2023-01-01 12:37:51.144 [main] BaseClass - Entered username
[INFO ] 2023-01-01 12:37:51.880 [main] BaseClass - Entered password
[INFO ] 2023-01-01 12:37:55.651 [main] BaseClass - Login test passed
[INFO ] 2023-01-01 12:41:19.130 [main] BaseClass - URL is opened
[INFO ] 2023-01-01 12:41:19.582 [main] BaseClass - Entered username
[INFO ] 2023-01-01 12:41:19.833 [main] BaseClass - Entered password
[INFO ] 2023-01-01 12:41:25.282 [main] BaseClass - Login test passed
[INFO ] 2023-01-01 12:44:28.899 [main] BaseClass - URL is opened
[INFO ] 2023-01-01 12:44:29.493 [main] BaseClass - Entered username
[INFO ] 2023-01-01 12:44:30.359 [main] BaseClass - Entered password
[INFO ] 2023-01-01 12:44:34.043 [main] BaseClass - Login test passed
[INFO ] 2023-01-01 12:48:10.067 [main] BaseClass - URL is opened
[INFO ] 2023-01-01 12:48:10.604 [main] BaseClass - Entered username
[INFO ] 2023-01-01 12:48:10.840 [main] BaseClass - Entered password
[INFO ] 2023-01-01 12:48:16.264 [main] BaseClass - Login test passed
[INFO ] 2023-01-01 12:49:17.806 [main] BaseClass - URL is opened
[INFO ] 2023-01-01 12:49:18.340 [main] BaseClass - Entered username
[INFO ] 2023-01-01 12:49:18.628 [main] BaseClass - Entered password
[INFO ] 2023-01-01 12:49:24.729 [main] BaseClass - Login test passed
[INFO ] 2023-01-01 13:30:14.356 [main] BaseClass - URL is opened
[INFO ] 2023-01-01 13:30:14.805 [main] BaseClass - Entered username
[INFO ] 2023-01-01 13:30:15.034 [main] BaseClass - Entered password
[INFO ] 2023-01-01 13:30:20.760 [main] BaseClass - Login test passed
[INFO ] 2023-01-01 13:38:36.566 [main] BaseClass - URL is opened
[INFO ] 2023-01-01 13:38:37.023 [main] BaseClass - Entered username
[INFO ] 2023-01-01 13:38:37.248 [main] BaseClass - Entered password
[INFO ] 2023-01-01 13:38:43.028 [main] BaseClass - Login test passed
[INFO ] 2023-01-01 15:35:42.579 [main] BaseClass - URL is opened
[INFO ] 2023-01-01 15:35:42.968 [main] BaseClass - Entered username
[INFO ] 2023-01-01 15:35:43.129 [main] BaseClass - Entered password
[INFO ] 2023-01-01 15:35:53.723 [main] BaseClass - Login test passed
[INFO ] 2023-01-01 19:45:38.833 [main] BaseClass - URL is opened
[INFO ] 2023-01-01 19:45:39.429 [main] BaseClass - Entered username
[INFO ] 2023-01-01 19:45:39.697 [main] BaseClass - Entered password
[INFO ] 2023-01-01 19:45:44.194 [main] BaseClass - Login test passed
[INFO ] 2023-01-01 20:55:03.551 [main] BaseClass - URL is opened
[INFO ] 2023-01-01 20:55:03.935 [main] BaseClass - Entered username
[INFO ] 2023-01-01 20:55:04.085 [main] BaseClass - Entered password
[INFO ] 2023-01-01 20:55:09.469 [main] BaseClass - Login test passed
